Gram'atica

    0 $accept: Program $end

    1 Program: DeclList

    2 DeclList: DeclList Decl
    3         | Decl

    4 Decl: ClassDecl
    5     | FnDecl
    6     | VarDecl
    7     | IntfDecl

    8 VarDecl: Variable ';'

    9 Variable: Type T_Identifier

   10 Type: T_Int
   11     | T_Bool
   12     | T_String
   13     | T_Double
   14     | T_Identifier
   15     | Type T_Dims

   16 IntfDecl: T_Interface T_Identifier '{' IntfList '}'

   17 IntfList: IntfList FnHeader ';'
   18         | /* vac'io */

   19 ClassDecl: T_Class T_Identifier OptExt OptImpl '{' FieldList '}'

   20 OptExt: T_Extends T_Identifier
   21       | /* vac'io */

   22 OptImpl: T_Implements ImpList
   23        | /* vac'io */

   24 ImpList: ImpList ',' T_Identifier
   25        | T_Identifier

   26 FieldList: FieldList Field
   27          | /* vac'io */

   28 Field: VarDecl
   29      | FnDecl

   30 FnHeader: Type T_Identifier '(' Formals ')'
   31         | T_Void T_Identifier '(' Formals ')'

   32 Formals: FormalList
   33        | /* vac'io */

   34 FormalList: FormalList ',' Variable
   35           | Variable

   36 FnDecl: FnHeader StmtBlock

   37 StmtBlock: '{' VarDecls StmtList '}'

   38 VarDecls: VarDecls VarDecl
   39         | /* vac'io */

   40 StmtList: Stmt StmtList
   41         | /* vac'io */

   42 Stmt: OptExpr ';'
   43     | StmtBlock
   44     | T_If '(' Expr ')' Stmt OptElse
   45     | T_While '(' Expr ')' Stmt
   46     | T_For '(' OptExpr ';' Expr ';' OptExpr ')' Stmt
   47     | T_Return Expr ';'
   48     | T_Return ';'
   49     | T_Print '(' ExprList ')' ';'
   50     | T_Break ';'

   51 LValue: T_Identifier
   52       | Expr '.' T_Identifier
   53       | Expr '[' Expr ']'

   54 Call: T_Identifier '(' Actuals ')'
   55     | Expr '.' T_Identifier '(' Actuals ')'

   56 OptExpr: Expr
   57        | /* vac'io */

   58 Expr: LValue
   59     | Call
   60     | Constant
   61     | LValue '=' Expr
   62     | Expr '+' Expr
   63     | Expr '-' Expr
   64     | Expr '/' Expr
   65     | Expr '*' Expr
   66     | Expr '%' Expr
   67     | Expr T_Equal Expr
   68     | Expr T_NotEqual Expr
   69     | Expr '<' Expr
   70     | Expr '>' Expr
   71     | Expr T_LessEqual Expr
   72     | Expr T_GreaterEqual Expr
   73     | Expr T_And Expr
   74     | Expr T_Or Expr
   75     | '(' Expr ')'
   76     | '-' Expr
   77     | '!' Expr
   78     | T_ReadInteger '(' ')'
   79     | T_ReadLine '(' ')'
   80     | T_New '(' T_Identifier ')'
   81     | T_NewArray '(' Expr ',' Type ')'
   82     | T_This

   83 Constant: T_IntConstant
   84         | T_BoolConstant
   85         | T_DoubleConstant
   86         | T_StringConstant
   87         | T_Null

   88 Actuals: ExprList
   89        | /* vac'io */

   90 ExprList: ExprList ',' Expr
   91         | Expr

   92 OptElse: T_Else Stmt
   93        | /* vac'io */


Terminales con las reglas donde aparecen

$end (0) 0
'!' (33) 77
'%' (37) 66
'(' (40) 30 31 44 45 46 49 54 55 75 78 79 80 81
')' (41) 30 31 44 45 46 49 54 55 75 78 79 80 81
'*' (42) 65
'+' (43) 62
',' (44) 24 34 81 90
'-' (45) 63 76
'.' (46) 52 55
'/' (47) 64
';' (59) 8 17 42 46 47 48 49 50
'<' (60) 69
'=' (61) 61
'>' (62) 70
'[' (91) 53
']' (93) 53
'{' (123) 16 19 37
'}' (125) 16 19 37
error (256)
T_Void (258) 31
T_Bool (259) 11
T_Int (260) 10
T_Double (261) 13
T_String (262) 12
T_Class (263) 19
T_LessEqual (264) 71
T_GreaterEqual (265) 72
T_Equal (266) 67
T_NotEqual (267) 68
T_Dims (268) 15
T_And (269) 73
T_Or (270) 74
T_Null (271) 87
T_Extends (272) 20
T_This (273) 82
T_Interface (274) 16
T_Implements (275) 22
T_While (276) 45
T_For (277) 46
T_If (278) 44
T_Else (279) 92
T_Return (280) 47 48
T_Break (281) 50
T_New (282) 80
T_NewArray (283) 81
T_Print (284) 49
T_ReadInteger (285) 78
T_ReadLine (286) 79
T_Identifier (287) 9 14 16 19 20 24 25 30 31 51 52 54 55 80
T_StringConstant (288) 86
T_IntConstant (289) 83
T_DoubleConstant (290) 85
T_BoolConstant (291) 84
T_UnaryMinus (292)
T_Lower_Than_Else (293)


No terminales con las reglas donde aparecen

$accept (57)
    en la izquierda: 0
Program (58)
    en la izquierda: 1, en la derecha: 0
DeclList (59)
    en la izquierda: 2 3, en la derecha: 1 2
Decl (60)
    en la izquierda: 4 5 6 7, en la derecha: 2 3
VarDecl (61)
    en la izquierda: 8, en la derecha: 6 28 38
Variable (62)
    en la izquierda: 9, en la derecha: 8 34 35
Type (63)
    en la izquierda: 10 11 12 13 14 15, en la derecha: 9 15 30 81
IntfDecl (64)
    en la izquierda: 16, en la derecha: 7
IntfList (65)
    en la izquierda: 17 18, en la derecha: 16 17
ClassDecl (66)
    en la izquierda: 19, en la derecha: 4
OptExt (67)
    en la izquierda: 20 21, en la derecha: 19
OptImpl (68)
    en la izquierda: 22 23, en la derecha: 19
ImpList (69)
    en la izquierda: 24 25, en la derecha: 22 24
FieldList (70)
    en la izquierda: 26 27, en la derecha: 19 26
Field (71)
    en la izquierda: 28 29, en la derecha: 26
FnHeader (72)
    en la izquierda: 30 31, en la derecha: 17 36
Formals (73)
    en la izquierda: 32 33, en la derecha: 30 31
FormalList (74)
    en la izquierda: 34 35, en la derecha: 32 34
FnDecl (75)
    en la izquierda: 36, en la derecha: 5 29
StmtBlock (76)
    en la izquierda: 37, en la derecha: 36 43
VarDecls (77)
    en la izquierda: 38 39, en la derecha: 37 38
StmtList (78)
    en la izquierda: 40 41, en la derecha: 37 40
Stmt (79)
    en la izquierda: 42 43 44 45 46 47 48 49 50, en la derecha: 40
    44 45 46 92
LValue (80)
    en la izquierda: 51 52 53, en la derecha: 58 61
Call (81)
    en la izquierda: 54 55, en la derecha: 59
OptExpr (82)
    en la izquierda: 56 57, en la derecha: 42 46
Expr (83)
    en la izquierda: 58 59 60 61 62 63 64 65 66 67 68 69 70 71 72 73
    74 75 76 77 78 79 80 81 82, en la derecha: 44 45 46 47 52 53 55
    56 61 62 63 64 65 66 67 68 69 70 71 72 73 74 75 76 77 81 90 91
Constant (84)
    en la izquierda: 83 84 85 86 87, en la derecha: 60
Actuals (85)
    en la izquierda: 88 89, en la derecha: 54 55
ExprList (86)
    en la izquierda: 90 91, en la derecha: 49 88 90
OptElse (87)
    en la izquierda: 92 93, en la derecha: 44


State 0

    0 $accept: . Program $end

    T_Void        desplazar e ir al estado 1
    T_Bool        desplazar e ir al estado 2
    T_Int         desplazar e ir al estado 3
    T_Double      desplazar e ir al estado 4
    T_String      desplazar e ir al estado 5
    T_Class       desplazar e ir al estado 6
    T_Interface   desplazar e ir al estado 7
    T_Identifier  desplazar e ir al estado 8

    Program    ir al estado 9
    DeclList   ir al estado 10
    Decl       ir al estado 11
    VarDecl    ir al estado 12
    Variable   ir al estado 13
    Type       ir al estado 14
    IntfDecl   ir al estado 15
    ClassDecl  ir al estado 16
    FnHeader   ir al estado 17
    FnDecl     ir al estado 18


State 1

   31 FnHeader: T_Void . T_Identifier '(' Formals ')'

    T_Identifier  desplazar e ir al estado 19


State 2

   11 Type: T_Bool .

    $default  reduce usando la regla 11 (Type)


State 3

   10 Type: T_Int .

    $default  reduce usando la regla 10 (Type)


State 4

   13 Type: T_Double .

    $default  reduce usando la regla 13 (Type)


State 5

   12 Type: T_String .

    $default  reduce usando la regla 12 (Type)


State 6

   19 ClassDecl: T_Class . T_Identifier OptExt OptImpl '{' FieldList '}'

    T_Identifier  desplazar e ir al estado 20


State 7

   16 IntfDecl: T_Interface . T_Identifier '{' IntfList '}'

    T_Identifier  desplazar e ir al estado 21


State 8

   14 Type: T_Identifier .

    $default  reduce usando la regla 14 (Type)


State 9

    0 $accept: Program . $end

    $end  desplazar e ir al estado 22


State 10

    1 Program: DeclList .
    2 DeclList: DeclList . Decl

    T_Void        desplazar e ir al estado 1
    T_Bool        desplazar e ir al estado 2
    T_Int         desplazar e ir al estado 3
    T_Double      desplazar e ir al estado 4
    T_String      desplazar e ir al estado 5
    T_Class       desplazar e ir al estado 6
    T_Interface   desplazar e ir al estado 7
    T_Identifier  desplazar e ir al estado 8

    $default  reduce usando la regla 1 (Program)

    Decl       ir al estado 23
    VarDecl    ir al estado 12
    Variable   ir al estado 13
    Type       ir al estado 14
    IntfDecl   ir al estado 15
    ClassDecl  ir al estado 16
    FnHeader   ir al estado 17
    FnDecl     ir al estado 18


State 11

    3 DeclList: Decl .

    $default  reduce usando la regla 3 (DeclList)


State 12

    6 Decl: VarDecl .

    $default  reduce usando la regla 6 (Decl)


State 13

    8 VarDecl: Variable . ';'

    ';'  desplazar e ir al estado 24


State 14

    9 Variable: Type . T_Identifier
   15 Type: Type . T_Dims
   30 FnHeader: Type . T_Identifier '(' Formals ')'

    T_Dims        desplazar e ir al estado 25
    T_Identifier  desplazar e ir al estado 26


State 15

    7 Decl: IntfDecl .

    $default  reduce usando la regla 7 (Decl)


State 16

    4 Decl: ClassDecl .

    $default  reduce usando la regla 4 (Decl)


State 17

   36 FnDecl: FnHeader . StmtBlock

    '{'  desplazar e ir al estado 27

    StmtBlock  ir al estado 28


State 18

    5 Decl: FnDecl .

    $default  reduce usando la regla 5 (Decl)


State 19

   31 FnHeader: T_Void T_Identifier . '(' Formals ')'

    '('  desplazar e ir al estado 29


State 20

   19 ClassDecl: T_Class T_Identifier . OptExt OptImpl '{' FieldList '}'

    T_Extends  desplazar e ir al estado 30

    $default  reduce usando la regla 21 (OptExt)

    OptExt  ir al estado 31


State 21

   16 IntfDecl: T_Interface T_Identifier . '{' IntfList '}'

    '{'  desplazar e ir al estado 32


State 22

    0 $accept: Program $end .

    $default  aceptar


State 23

    2 DeclList: DeclList Decl .

    $default  reduce usando la regla 2 (DeclList)


State 24

    8 VarDecl: Variable ';' .

    $default  reduce usando la regla 8 (VarDecl)


State 25

   15 Type: Type T_Dims .

    $default  reduce usando la regla 15 (Type)


State 26

    9 Variable: Type T_Identifier .
   30 FnHeader: Type T_Identifier . '(' Formals ')'

    '('  desplazar e ir al estado 33

    $default  reduce usando la regla 9 (Variable)


State 27

   37 StmtBlock: '{' . VarDecls StmtList '}'

    $default  reduce usando la regla 39 (VarDecls)

    VarDecls  ir al estado 34


State 28

   36 FnDecl: FnHeader StmtBlock .

    $default  reduce usando la regla 36 (FnDecl)


State 29

   31 FnHeader: T_Void T_Identifier '(' . Formals ')'

    T_Bool        desplazar e ir al estado 2
    T_Int         desplazar e ir al estado 3
    T_Double      desplazar e ir al estado 4
    T_String      desplazar e ir al estado 5
    T_Identifier  desplazar e ir al estado 8

    $default  reduce usando la regla 33 (Formals)

    Variable    ir al estado 35
    Type        ir al estado 36
    Formals     ir al estado 37
    FormalList  ir al estado 38


State 30

   20 OptExt: T_Extends . T_Identifier

    T_Identifier  desplazar e ir al estado 39


State 31

   19 ClassDecl: T_Class T_Identifier OptExt . OptImpl '{' FieldList '}'

    T_Implements  desplazar e ir al estado 40

    $default  reduce usando la regla 23 (OptImpl)

    OptImpl  ir al estado 41


State 32

   16 IntfDecl: T_Interface T_Identifier '{' . IntfList '}'

    $default  reduce usando la regla 18 (IntfList)

    IntfList  ir al estado 42


State 33

   30 FnHeader: Type T_Identifier '(' . Formals ')'

    T_Bool        desplazar e ir al estado 2
    T_Int         desplazar e ir al estado 3
    T_Double      desplazar e ir al estado 4
    T_String      desplazar e ir al estado 5
    T_Identifier  desplazar e ir al estado 8

    $default  reduce usando la regla 33 (Formals)

    Variable    ir al estado 35
    Type        ir al estado 36
    Formals     ir al estado 43
    FormalList  ir al estado 38


State 34

   37 StmtBlock: '{' VarDecls . StmtList '}'
   38 VarDecls: VarDecls . VarDecl

    T_Bool            desplazar e ir al estado 2
    T_Int             desplazar e ir al estado 3
    T_Double          desplazar e ir al estado 4
    T_String          desplazar e ir al estado 5
    T_Null            desplazar e ir al estado 44
    T_This            desplazar e ir al estado 45
    T_While           desplazar e ir al estado 46
    T_For             desplazar e ir al estado 47
    T_If              desplazar e ir al estado 48
    T_Return          desplazar e ir al estado 49
    T_Break           desplazar e ir al estado 50
    T_New             desplazar e ir al estado 51
    T_NewArray        desplazar e ir al estado 52
    T_Print           desplazar e ir al estado 53
    T_ReadInteger     desplazar e ir al estado 54
    T_ReadLine        desplazar e ir al estado 55
    T_Identifier      desplazar e ir al estado 56
    T_StringConstant  desplazar e ir al estado 57
    T_IntConstant     desplazar e ir al estado 58
    T_DoubleConstant  desplazar e ir al estado 59
    T_BoolConstant    desplazar e ir al estado 60
    '-'               desplazar e ir al estado 61
    '!'               desplazar e ir al estado 62
    '{'               desplazar e ir al estado 27
    '('               desplazar e ir al estado 63

    ';'       reduce usando la regla 57 (OptExpr)
    $default  reduce usando la regla 41 (StmtList)

    VarDecl    ir al estado 64
    Variable   ir al estado 13
    Type       ir al estado 36
    StmtBlock  ir al estado 65
    StmtList   ir al estado 66
    Stmt       ir al estado 67
    LValue     ir al estado 68
    Call       ir al estado 69
    OptExpr    ir al estado 70
    Expr       ir al estado 71
    Constant   ir al estado 72


State 35

   35 FormalList: Variable .

    $default  reduce usando la regla 35 (FormalList)


State 36

    9 Variable: Type . T_Identifier
   15 Type: Type . T_Dims

    T_Dims        desplazar e ir al estado 25
    T_Identifier  desplazar e ir al estado 73


State 37

   31 FnHeader: T_Void T_Identifier '(' Formals . ')'

    ')'  desplazar e ir al estado 74


State 38

   32 Formals: FormalList .
   34 FormalList: FormalList . ',' Variable

    ','  desplazar e ir al estado 75

    $default  reduce usando la regla 32 (Formals)


State 39

   20 OptExt: T_Extends T_Identifier .

    $default  reduce usando la regla 20 (OptExt)


State 40

   22 OptImpl: T_Implements . ImpList

    T_Identifier  desplazar e ir al estado 76

    ImpList  ir al estado 77


State 41

   19 ClassDecl: T_Class T_Identifier OptExt OptImpl . '{' FieldList '}'

    '{'  desplazar e ir al estado 78


State 42

   16 IntfDecl: T_Interface T_Identifier '{' IntfList . '}'
   17 IntfList: IntfList . FnHeader ';'

    T_Void        desplazar e ir al estado 1
    T_Bool        desplazar e ir al estado 2
    T_Int         desplazar e ir al estado 3
    T_Double      desplazar e ir al estado 4
    T_String      desplazar e ir al estado 5
    T_Identifier  desplazar e ir al estado 8
    '}'           desplazar e ir al estado 79

    Type      ir al estado 80
    FnHeader  ir al estado 81


State 43

   30 FnHeader: Type T_Identifier '(' Formals . ')'

    ')'  desplazar e ir al estado 82


State 44

   87 Constant: T_Null .

    $default  reduce usando la regla 87 (Constant)


State 45

   82 Expr: T_This .

    $default  reduce usando la regla 82 (Expr)


State 46

   45 Stmt: T_While . '(' Expr ')' Stmt

    '('  desplazar e ir al estado 83


State 47

   46 Stmt: T_For . '(' OptExpr ';' Expr ';' OptExpr ')' Stmt

    '('  desplazar e ir al estado 84


State 48

   44 Stmt: T_If . '(' Expr ')' Stmt OptElse

    '('  desplazar e ir al estado 85


State 49

   47 Stmt: T_Return . Expr ';'
   48     | T_Return . ';'

    T_Null            desplazar e ir al estado 44
    T_This            desplazar e ir al estado 45
    T_New             desplazar e ir al estado 51
    T_NewArray        desplazar e ir al estado 52
    T_ReadInteger     desplazar e ir al estado 54
    T_ReadLine        desplazar e ir al estado 55
    T_Identifier      desplazar e ir al estado 86
    T_StringConstant  desplazar e ir al estado 57
    T_IntConstant     desplazar e ir al estado 58
    T_DoubleConstant  desplazar e ir al estado 59
    T_BoolConstant    desplazar e ir al estado 60
    '-'               desplazar e ir al estado 61
    '!'               desplazar e ir al estado 62
    ';'               desplazar e ir al estado 87
    '('               desplazar e ir al estado 63

    LValue    ir al estado 68
    Call      ir al estado 69
    Expr      ir al estado 88
    Constant  ir al estado 72


State 50

   50 Stmt: T_Break . ';'

    ';'  desplazar e ir al estado 89


State 51

   80 Expr: T_New . '(' T_Identifier ')'

    '('  desplazar e ir al estado 90


State 52

   81 Expr: T_NewArray . '(' Expr ',' Type ')'

    '('  desplazar e ir al estado 91


State 53

   49 Stmt: T_Print . '(' ExprList ')' ';'

    '('  desplazar e ir al estado 92


State 54

   78 Expr: T_ReadInteger . '(' ')'

    '('  desplazar e ir al estado 93


State 55

   79 Expr: T_ReadLine . '(' ')'

    '('  desplazar e ir al estado 94


State 56

   14 Type: T_Identifier .
   51 LValue: T_Identifier .
   54 Call: T_Identifier . '(' Actuals ')'

    '('  desplazar e ir al estado 95

    T_Dims        reduce usando la regla 14 (Type)
    T_Identifier  reduce usando la regla 14 (Type)
    $default      reduce usando la regla 51 (LValue)


State 57

   86 Constant: T_StringConstant .

    $default  reduce usando la regla 86 (Constant)


State 58

   83 Constant: T_IntConstant .

    $default  reduce usando la regla 83 (Constant)


State 59

   85 Constant: T_DoubleConstant .

    $default  reduce usando la regla 85 (Constant)


State 60

   84 Constant: T_BoolConstant .

    $default  reduce usando la regla 84 (Constant)


State 61

   76 Expr: '-' . Expr

    T_Null            desplazar e ir al estado 44
    T_This            desplazar e ir al estado 45
    T_New             desplazar e ir al estado 51
    T_NewArray        desplazar e ir al estado 52
    T_ReadInteger     desplazar e ir al estado 54
    T_ReadLine        desplazar e ir al estado 55
    T_Identifier      desplazar e ir al estado 86
    T_StringConstant  desplazar e ir al estado 57
    T_IntConstant     desplazar e ir al estado 58
    T_DoubleConstant  desplazar e ir al estado 59
    T_BoolConstant    desplazar e ir al estado 60
    '-'               desplazar e ir al estado 61
    '!'               desplazar e ir al estado 62
    '('               desplazar e ir al estado 63

    LValue    ir al estado 68
    Call      ir al estado 69
    Expr      ir al estado 96
    Constant  ir al estado 72


State 62

   77 Expr: '!' . Expr

    T_Null            desplazar e ir al estado 44
    T_This            desplazar e ir al estado 45
    T_New             desplazar e ir al estado 51
    T_NewArray        desplazar e ir al estado 52
    T_ReadInteger     desplazar e ir al estado 54
    T_ReadLine        desplazar e ir al estado 55
    T_Identifier      desplazar e ir al estado 86
    T_StringConstant  desplazar e ir al estado 57
    T_IntConstant     desplazar e ir al estado 58
    T_DoubleConstant  desplazar e ir al estado 59
    T_BoolConstant    desplazar e ir al estado 60
    '-'               desplazar e ir al estado 61
    '!'               desplazar e ir al estado 62
    '('               desplazar e ir al estado 63

    LValue    ir al estado 68
    Call      ir al estado 69
    Expr      ir al estado 97
    Constant  ir al estado 72


State 63

   75 Expr: '(' . Expr ')'

    T_Null            desplazar e ir al estado 44
    T_This            desplazar e ir al estado 45
    T_New             desplazar e ir al estado 51
    T_NewArray        desplazar e ir al estado 52
    T_ReadInteger     desplazar e ir al estado 54
    T_ReadLine        desplazar e ir al estado 55
    T_Identifier      desplazar e ir al estado 86
    T_StringConstant  desplazar e ir al estado 57
    T_IntConstant     desplazar e ir al estado 58
    T_DoubleConstant  desplazar e ir al estado 59
    T_BoolConstant    desplazar e ir al estado 60
    '-'               desplazar e ir al estado 61
    '!'               desplazar e ir al estado 62
    '('               desplazar e ir al estado 63

    LValue    ir al estado 68
    Call      ir al estado 69
    Expr      ir al estado 98
    Constant  ir al estado 72


State 64

   38 VarDecls: VarDecls VarDecl .

    $default  reduce usando la regla 38 (VarDecls)


State 65

   43 Stmt: StmtBlock .

    $default  reduce usando la regla 43 (Stmt)


State 66

   37 StmtBlock: '{' VarDecls StmtList . '}'

    '}'  desplazar e ir al estado 99


State 67

   40 StmtList: Stmt . StmtList

    T_Null            desplazar e ir al estado 44
    T_This            desplazar e ir al estado 45
    T_While           desplazar e ir al estado 46
    T_For             desplazar e ir al estado 47
    T_If              desplazar e ir al estado 48
    T_Return          desplazar e ir al estado 49
    T_Break           desplazar e ir al estado 50
    T_New             desplazar e ir al estado 51
    T_NewArray        desplazar e ir al estado 52
    T_Print           desplazar e ir al estado 53
    T_ReadInteger     desplazar e ir al estado 54
    T_ReadLine        desplazar e ir al estado 55
    T_Identifier      desplazar e ir al estado 86
    T_StringConstant  desplazar e ir al estado 57
    T_IntConstant     desplazar e ir al estado 58
    T_DoubleConstant  desplazar e ir al estado 59
    T_BoolConstant    desplazar e ir al estado 60
    '-'               desplazar e ir al estado 61
    '!'               desplazar e ir al estado 62
    '{'               desplazar e ir al estado 27
    '('               desplazar e ir al estado 63

    ';'       reduce usando la regla 57 (OptExpr)
    $default  reduce usando la regla 41 (StmtList)

    StmtBlock  ir al estado 65
    StmtList   ir al estado 100
    Stmt       ir al estado 67
    LValue     ir al estado 68
    Call       ir al estado 69
    OptExpr    ir al estado 70
    Expr       ir al estado 71
    Constant   ir al estado 72


State 68

   58 Expr: LValue .
   61     | LValue . '=' Expr

    '='  desplazar e ir al estado 101

    $default  reduce usando la regla 58 (Expr)


State 69

   59 Expr: Call .

    $default  reduce usando la regla 59 (Expr)


State 70

   42 Stmt: OptExpr . ';'

    ';'  desplazar e ir al estado 102


State 71

   52 LValue: Expr . '.' T_Identifier
   53       | Expr . '[' Expr ']'
   55 Call: Expr . '.' T_Identifier '(' Actuals ')'
   56 OptExpr: Expr .
   62 Expr: Expr . '+' Expr
   63     | Expr . '-' Expr
   64     | Expr . '/' Expr
   65     | Expr . '*' Expr
   66     | Expr . '%' Expr
   67     | Expr . T_Equal Expr
   68     | Expr . T_NotEqual Expr
   69     | Expr . '<' Expr
   70     | Expr . '>' Expr
   71     | Expr . T_LessEqual Expr
   72     | Expr . T_GreaterEqual Expr
   73     | Expr . T_And Expr
   74     | Expr . T_Or Expr

    T_LessEqual     desplazar e ir al estado 103
    T_GreaterEqual  desplazar e ir al estado 104
    T_Equal         desplazar e ir al estado 105
    T_NotEqual      desplazar e ir al estado 106
    T_And           desplazar e ir al estado 107
    T_Or            desplazar e ir al estado 108
    '<'             desplazar e ir al estado 109
    '>'             desplazar e ir al estado 110
    '+'             desplazar e ir al estado 111
    '-'             desplazar e ir al estado 112
    '*'             desplazar e ir al estado 113
    '/'             desplazar e ir al estado 114
    '%'             desplazar e ir al estado 115
    '.'             desplazar e ir al estado 116
    '['             desplazar e ir al estado 117

    $default  reduce usando la regla 56 (OptExpr)


State 72

   60 Expr: Constant .

    $default  reduce usando la regla 60 (Expr)


State 73

    9 Variable: Type T_Identifier .

    $default  reduce usando la regla 9 (Variable)


State 74

   31 FnHeader: T_Void T_Identifier '(' Formals ')' .

    $default  reduce usando la regla 31 (FnHeader)


State 75

   34 FormalList: FormalList ',' . Variable

    T_Bool        desplazar e ir al estado 2
    T_Int         desplazar e ir al estado 3
    T_Double      desplazar e ir al estado 4
    T_String      desplazar e ir al estado 5
    T_Identifier  desplazar e ir al estado 8

    Variable  ir al estado 118
    Type      ir al estado 36


State 76

   25 ImpList: T_Identifier .

    $default  reduce usando la regla 25 (ImpList)


State 77

   22 OptImpl: T_Implements ImpList .
   24 ImpList: ImpList . ',' T_Identifier

    ','  desplazar e ir al estado 119

    $default  reduce usando la regla 22 (OptImpl)


State 78

   19 ClassDecl: T_Class T_Identifier OptExt OptImpl '{' . FieldList '}'

    $default  reduce usando la regla 27 (FieldList)

    FieldList  ir al estado 120


State 79

   16 IntfDecl: T_Interface T_Identifier '{' IntfList '}' .

    $default  reduce usando la regla 16 (IntfDecl)


State 80

   15 Type: Type . T_Dims
   30 FnHeader: Type . T_Identifier '(' Formals ')'

    T_Dims        desplazar e ir al estado 25
    T_Identifier  desplazar e ir al estado 121


State 81

   17 IntfList: IntfList FnHeader . ';'

    ';'  desplazar e ir al estado 122


State 82

   30 FnHeader: Type T_Identifier '(' Formals ')' .

    $default  reduce usando la regla 30 (FnHeader)


State 83

   45 Stmt: T_While '(' . Expr ')' Stmt

    T_Null            desplazar e ir al estado 44
    T_This            desplazar e ir al estado 45
    T_New             desplazar e ir al estado 51
    T_NewArray        desplazar e ir al estado 52
    T_ReadInteger     desplazar e ir al estado 54
    T_ReadLine        desplazar e ir al estado 55
    T_Identifier      desplazar e ir al estado 86
    T_StringConstant  desplazar e ir al estado 57
    T_IntConstant     desplazar e ir al estado 58
    T_DoubleConstant  desplazar e ir al estado 59
    T_BoolConstant    desplazar e ir al estado 60
    '-'               desplazar e ir al estado 61
    '!'               desplazar e ir al estado 62
    '('               desplazar e ir al estado 63

    LValue    ir al estado 68
    Call      ir al estado 69
    Expr      ir al estado 123
    Constant  ir al estado 72


State 84

   46 Stmt: T_For '(' . OptExpr ';' Expr ';' OptExpr ')' Stmt

    T_Null            desplazar e ir al estado 44
    T_This            desplazar e ir al estado 45
    T_New             desplazar e ir al estado 51
    T_NewArray        desplazar e ir al estado 52
    T_ReadInteger     desplazar e ir al estado 54
    T_ReadLine        desplazar e ir al estado 55
    T_Identifier      desplazar e ir al estado 86
    T_StringConstant  desplazar e ir al estado 57
    T_IntConstant     desplazar e ir al estado 58
    T_DoubleConstant  desplazar e ir al estado 59
    T_BoolConstant    desplazar e ir al estado 60
    '-'               desplazar e ir al estado 61
    '!'               desplazar e ir al estado 62
    '('               desplazar e ir al estado 63

    $default  reduce usando la regla 57 (OptExpr)

    LValue    ir al estado 68
    Call      ir al estado 69
    OptExpr   ir al estado 124
    Expr      ir al estado 71
    Constant  ir al estado 72


State 85

   44 Stmt: T_If '(' . Expr ')' Stmt OptElse

    T_Null            desplazar e ir al estado 44
    T_This            desplazar e ir al estado 45
    T_New             desplazar e ir al estado 51
    T_NewArray        desplazar e ir al estado 52
    T_ReadInteger     desplazar e ir al estado 54
    T_ReadLine        desplazar e ir al estado 55
    T_Identifier      desplazar e ir al estado 86
    T_StringConstant  desplazar e ir al estado 57
    T_IntConstant     desplazar e ir al estado 58
    T_DoubleConstant  desplazar e ir al estado 59
    T_BoolConstant    desplazar e ir al estado 60
    '-'               desplazar e ir al estado 61
    '!'               desplazar e ir al estado 62
    '('               desplazar e ir al estado 63

    LValue    ir al estado 68
    Call      ir al estado 69
    Expr      ir al estado 125
    Constant  ir al estado 72


State 86

   51 LValue: T_Identifier .
   54 Call: T_Identifier . '(' Actuals ')'

    '('  desplazar e ir al estado 95

    $default  reduce usando la regla 51 (LValue)


State 87

   48 Stmt: T_Return ';' .

    $default  reduce usando la regla 48 (Stmt)


State 88

   47 Stmt: T_Return Expr . ';'
   52 LValue: Expr . '.' T_Identifier
   53       | Expr . '[' Expr ']'
   55 Call: Expr . '.' T_Identifier '(' Actuals ')'
   62 Expr: Expr . '+' Expr
   63     | Expr . '-' Expr
   64     | Expr . '/' Expr
   65     | Expr . '*' Expr
   66     | Expr . '%' Expr
   67     | Expr . T_Equal Expr
   68     | Expr . T_NotEqual Expr
   69     | Expr . '<' Expr
   70     | Expr . '>' Expr
   71     | Expr . T_LessEqual Expr
   72     | Expr . T_GreaterEqual Expr
   73     | Expr . T_And Expr
   74     | Expr . T_Or Expr

    T_LessEqual     desplazar e ir al estado 103
    T_GreaterEqual  desplazar e ir al estado 104
    T_Equal         desplazar e ir al estado 105
    T_NotEqual      desplazar e ir al estado 106
    T_And           desplazar e ir al estado 107
    T_Or            desplazar e ir al estado 108
    '<'             desplazar e ir al estado 109
    '>'             desplazar e ir al estado 110
    '+'             desplazar e ir al estado 111
    '-'             desplazar e ir al estado 112
    '*'             desplazar e ir al estado 113
    '/'             desplazar e ir al estado 114
    '%'             desplazar e ir al estado 115
    '.'             desplazar e ir al estado 116
    '['             desplazar e ir al estado 117
    ';'             desplazar e ir al estado 126


State 89

   50 Stmt: T_Break ';' .

    $default  reduce usando la regla 50 (Stmt)


State 90

   80 Expr: T_New '(' . T_Identifier ')'

    T_Identifier  desplazar e ir al estado 127


State 91

   81 Expr: T_NewArray '(' . Expr ',' Type ')'

    T_Null            desplazar e ir al estado 44
    T_This            desplazar e ir al estado 45
    T_New             desplazar e ir al estado 51
    T_NewArray        desplazar e ir al estado 52
    T_ReadInteger     desplazar e ir al estado 54
    T_ReadLine        desplazar e ir al estado 55
    T_Identifier      desplazar e ir al estado 86
    T_StringConstant  desplazar e ir al estado 57
    T_IntConstant     desplazar e ir al estado 58
    T_DoubleConstant  desplazar e ir al estado 59
    T_BoolConstant    desplazar e ir al estado 60
    '-'               desplazar e ir al estado 61
    '!'               desplazar e ir al estado 62
    '('               desplazar e ir al estado 63

    LValue    ir al estado 68
    Call      ir al estado 69
    Expr      ir al estado 128
    Constant  ir al estado 72


State 92

   49 Stmt: T_Print '(' . ExprList ')' ';'

    T_Null            desplazar e ir al estado 44
    T_This            desplazar e ir al estado 45
    T_New             desplazar e ir al estado 51
    T_NewArray        desplazar e ir al estado 52
    T_ReadInteger     desplazar e ir al estado 54
    T_ReadLine        desplazar e ir al estado 55
    T_Identifier      desplazar e ir al estado 86
    T_StringConstant  desplazar e ir al estado 57
    T_IntConstant     desplazar e ir al estado 58
    T_DoubleConstant  desplazar e ir al estado 59
    T_BoolConstant    desplazar e ir al estado 60
    '-'               desplazar e ir al estado 61
    '!'               desplazar e ir al estado 62
    '('               desplazar e ir al estado 63

    LValue    ir al estado 68
    Call      ir al estado 69
    Expr      ir al estado 129
    Constant  ir al estado 72
    ExprList  ir al estado 130


State 93

   78 Expr: T_ReadInteger '(' . ')'

    ')'  desplazar e ir al estado 131


State 94

   79 Expr: T_ReadLine '(' . ')'

    ')'  desplazar e ir al estado 132


State 95

   54 Call: T_Identifier '(' . Actuals ')'

    T_Null            desplazar e ir al estado 44
    T_This            desplazar e ir al estado 45
    T_New             desplazar e ir al estado 51
    T_NewArray        desplazar e ir al estado 52
    T_ReadInteger     desplazar e ir al estado 54
    T_ReadLine        desplazar e ir al estado 55
    T_Identifier      desplazar e ir al estado 86
    T_StringConstant  desplazar e ir al estado 57
    T_IntConstant     desplazar e ir al estado 58
    T_DoubleConstant  desplazar e ir al estado 59
    T_BoolConstant    desplazar e ir al estado 60
    '-'               desplazar e ir al estado 61
    '!'               desplazar e ir al estado 62
    '('               desplazar e ir al estado 63

    $default  reduce usando la regla 89 (Actuals)

    LValue    ir al estado 68
    Call      ir al estado 69
    Expr      ir al estado 129
    Constant  ir al estado 72
    Actuals   ir al estado 133
    ExprList  ir al estado 134


State 96

   52 LValue: Expr . '.' T_Identifier
   53       | Expr . '[' Expr ']'
   55 Call: Expr . '.' T_Identifier '(' Actuals ')'
   62 Expr: Expr . '+' Expr
   63     | Expr . '-' Expr
   64     | Expr . '/' Expr
   65     | Expr . '*' Expr
   66     | Expr . '%' Expr
   67     | Expr . T_Equal Expr
   68     | Expr . T_NotEqual Expr
   69     | Expr . '<' Expr
   70     | Expr . '>' Expr
   71     | Expr . T_LessEqual Expr
   72     | Expr . T_GreaterEqual Expr
   73     | Expr . T_And Expr
   74     | Expr . T_Or Expr
   76     | '-' Expr .

    '.'  desplazar e ir al estado 116
    '['  desplazar e ir al estado 117

    $default  reduce usando la regla 76 (Expr)


State 97

   52 LValue: Expr . '.' T_Identifier
   53       | Expr . '[' Expr ']'
   55 Call: Expr . '.' T_Identifier '(' Actuals ')'
   62 Expr: Expr . '+' Expr
   63     | Expr . '-' Expr
   64     | Expr . '/' Expr
   65     | Expr . '*' Expr
   66     | Expr . '%' Expr
   67     | Expr . T_Equal Expr
   68     | Expr . T_NotEqual Expr
   69     | Expr . '<' Expr
   70     | Expr . '>' Expr
   71     | Expr . T_LessEqual Expr
   72     | Expr . T_GreaterEqual Expr
   73     | Expr . T_And Expr
   74     | Expr . T_Or Expr
   77     | '!' Expr .

    '.'  desplazar e ir al estado 116
    '['  desplazar e ir al estado 117

    $default  reduce usando la regla 77 (Expr)


State 98

   52 LValue: Expr . '.' T_Identifier
   53       | Expr . '[' Expr ']'
   55 Call: Expr . '.' T_Identifier '(' Actuals ')'
   62 Expr: Expr . '+' Expr
   63     | Expr . '-' Expr
   64     | Expr . '/' Expr
   65     | Expr . '*' Expr
   66     | Expr . '%' Expr
   67     | Expr . T_Equal Expr
   68     | Expr . T_NotEqual Expr
   69     | Expr . '<' Expr
   70     | Expr . '>' Expr
   71     | Expr . T_LessEqual Expr
   72     | Expr . T_GreaterEqual Expr
   73     | Expr . T_And Expr
   74     | Expr . T_Or Expr
   75     | '(' Expr . ')'

    T_LessEqual     desplazar e ir al estado 103
    T_GreaterEqual  desplazar e ir al estado 104
    T_Equal         desplazar e ir al estado 105
    T_NotEqual      desplazar e ir al estado 106
    T_And           desplazar e ir al estado 107
    T_Or            desplazar e ir al estado 108
    '<'             desplazar e ir al estado 109
    '>'             desplazar e ir al estado 110
    '+'             desplazar e ir al estado 111
    '-'             desplazar e ir al estado 112
    '*'             desplazar e ir al estado 113
    '/'             desplazar e ir al estado 114
    '%'             desplazar e ir al estado 115
    '.'             desplazar e ir al estado 116
    '['             desplazar e ir al estado 117
    ')'             desplazar e ir al estado 135


State 99

   37 StmtBlock: '{' VarDecls StmtList '}' .

    $default  reduce usando la regla 37 (StmtBlock)


State 100

   40 StmtList: Stmt StmtList .

    $default  reduce usando la regla 40 (StmtList)


State 101

   61 Expr: LValue '=' . Expr

    T_Null            desplazar e ir al estado 44
    T_This            desplazar e ir al estado 45
    T_New             desplazar e ir al estado 51
    T_NewArray        desplazar e ir al estado 52
    T_ReadInteger     desplazar e ir al estado 54
    T_ReadLine        desplazar e ir al estado 55
    T_Identifier      desplazar e ir al estado 86
    T_StringConstant  desplazar e ir al estado 57
    T_IntConstant     desplazar e ir al estado 58
    T_DoubleConstant  desplazar e ir al estado 59
    T_BoolConstant    desplazar e ir al estado 60
    '-'               desplazar e ir al estado 61
    '!'               desplazar e ir al estado 62
    '('               desplazar e ir al estado 63

    LValue    ir al estado 68
    Call      ir al estado 69
    Expr      ir al estado 136
    Constant  ir al estado 72


State 102

   42 Stmt: OptExpr ';' .

    $default  reduce usando la regla 42 (Stmt)


State 103

   71 Expr: Expr T_LessEqual . Expr

    T_Null            desplazar e ir al estado 44
    T_This            desplazar e ir al estado 45
    T_New             desplazar e ir al estado 51
    T_NewArray        desplazar e ir al estado 52
    T_ReadInteger     desplazar e ir al estado 54
    T_ReadLine        desplazar e ir al estado 55
    T_Identifier      desplazar e ir al estado 86
    T_StringConstant  desplazar e ir al estado 57
    T_IntConstant     desplazar e ir al estado 58
    T_DoubleConstant  desplazar e ir al estado 59
    T_BoolConstant    desplazar e ir al estado 60
    '-'               desplazar e ir al estado 61
    '!'               desplazar e ir al estado 62
    '('               desplazar e ir al estado 63

    LValue    ir al estado 68
    Call      ir al estado 69
    Expr      ir al estado 137
    Constant  ir al estado 72


State 104

   72 Expr: Expr T_GreaterEqual . Expr

    T_Null            desplazar e ir al estado 44
    T_This            desplazar e ir al estado 45
    T_New             desplazar e ir al estado 51
    T_NewArray        desplazar e ir al estado 52
    T_ReadInteger     desplazar e ir al estado 54
    T_ReadLine        desplazar e ir al estado 55
    T_Identifier      desplazar e ir al estado 86
    T_StringConstant  desplazar e ir al estado 57
    T_IntConstant     desplazar e ir al estado 58
    T_DoubleConstant  desplazar e ir al estado 59
    T_BoolConstant    desplazar e ir al estado 60
    '-'               desplazar e ir al estado 61
    '!'               desplazar e ir al estado 62
    '('               desplazar e ir al estado 63

    LValue    ir al estado 68
    Call      ir al estado 69
    Expr      ir al estado 138
    Constant  ir al estado 72


State 105

   67 Expr: Expr T_Equal . Expr

    T_Null            desplazar e ir al estado 44
    T_This            desplazar e ir al estado 45
    T_New             desplazar e ir al estado 51
    T_NewArray        desplazar e ir al estado 52
    T_ReadInteger     desplazar e ir al estado 54
    T_ReadLine        desplazar e ir al estado 55
    T_Identifier      desplazar e ir al estado 86
    T_StringConstant  desplazar e ir al estado 57
    T_IntConstant     desplazar e ir al estado 58
    T_DoubleConstant  desplazar e ir al estado 59
    T_BoolConstant    desplazar e ir al estado 60
    '-'               desplazar e ir al estado 61
    '!'               desplazar e ir al estado 62
    '('               desplazar e ir al estado 63

    LValue    ir al estado 68
    Call      ir al estado 69
    Expr      ir al estado 139
    Constant  ir al estado 72


State 106

   68 Expr: Expr T_NotEqual . Expr

    T_Null            desplazar e ir al estado 44
    T_This            desplazar e ir al estado 45
    T_New             desplazar e ir al estado 51
    T_NewArray        desplazar e ir al estado 52
    T_ReadInteger     desplazar e ir al estado 54
    T_ReadLine        desplazar e ir al estado 55
    T_Identifier      desplazar e ir al estado 86
    T_StringConstant  desplazar e ir al estado 57
    T_IntConstant     desplazar e ir al estado 58
    T_DoubleConstant  desplazar e ir al estado 59
    T_BoolConstant    desplazar e ir al estado 60
    '-'               desplazar e ir al estado 61
    '!'               desplazar e ir al estado 62
    '('               desplazar e ir al estado 63

    LValue    ir al estado 68
    Call      ir al estado 69
    Expr      ir al estado 140
    Constant  ir al estado 72


State 107

   73 Expr: Expr T_And . Expr

    T_Null            desplazar e ir al estado 44
    T_This            desplazar e ir al estado 45
    T_New             desplazar e ir al estado 51
    T_NewArray        desplazar e ir al estado 52
    T_ReadInteger     desplazar e ir al estado 54
    T_ReadLine        desplazar e ir al estado 55
    T_Identifier      desplazar e ir al estado 86
    T_StringConstant  desplazar e ir al estado 57
    T_IntConstant     desplazar e ir al estado 58
    T_DoubleConstant  desplazar e ir al estado 59
    T_BoolConstant    desplazar e ir al estado 60
    '-'               desplazar e ir al estado 61
    '!'               desplazar e ir al estado 62
    '('               desplazar e ir al estado 63

    LValue    ir al estado 68
    Call      ir al estado 69
    Expr      ir al estado 141
    Constant  ir al estado 72


State 108

   74 Expr: Expr T_Or . Expr

    T_Null            desplazar e ir al estado 44
    T_This            desplazar e ir al estado 45
    T_New             desplazar e ir al estado 51
    T_NewArray        desplazar e ir al estado 52
    T_ReadInteger     desplazar e ir al estado 54
    T_ReadLine        desplazar e ir al estado 55
    T_Identifier      desplazar e ir al estado 86
    T_StringConstant  desplazar e ir al estado 57
    T_IntConstant     desplazar e ir al estado 58
    T_DoubleConstant  desplazar e ir al estado 59
    T_BoolConstant    desplazar e ir al estado 60
    '-'               desplazar e ir al estado 61
    '!'               desplazar e ir al estado 62
    '('               desplazar e ir al estado 63

    LValue    ir al estado 68
    Call      ir al estado 69
    Expr      ir al estado 142
    Constant  ir al estado 72


State 109

   69 Expr: Expr '<' . Expr

    T_Null            desplazar e ir al estado 44
    T_This            desplazar e ir al estado 45
    T_New             desplazar e ir al estado 51
    T_NewArray        desplazar e ir al estado 52
    T_ReadInteger     desplazar e ir al estado 54
    T_ReadLine        desplazar e ir al estado 55
    T_Identifier      desplazar e ir al estado 86
    T_StringConstant  desplazar e ir al estado 57
    T_IntConstant     desplazar e ir al estado 58
    T_DoubleConstant  desplazar e ir al estado 59
    T_BoolConstant    desplazar e ir al estado 60
    '-'               desplazar e ir al estado 61
    '!'               desplazar e ir al estado 62
    '('               desplazar e ir al estado 63

    LValue    ir al estado 68
    Call      ir al estado 69
    Expr      ir al estado 143
    Constant  ir al estado 72


State 110

   70 Expr: Expr '>' . Expr

    T_Null            desplazar e ir al estado 44
    T_This            desplazar e ir al estado 45
    T_New             desplazar e ir al estado 51
    T_NewArray        desplazar e ir al estado 52
    T_ReadInteger     desplazar e ir al estado 54
    T_ReadLine        desplazar e ir al estado 55
    T_Identifier      desplazar e ir al estado 86
    T_StringConstant  desplazar e ir al estado 57
    T_IntConstant     desplazar e ir al estado 58
    T_DoubleConstant  desplazar e ir al estado 59
    T_BoolConstant    desplazar e ir al estado 60
    '-'               desplazar e ir al estado 61
    '!'               desplazar e ir al estado 62
    '('               desplazar e ir al estado 63

    LValue    ir al estado 68
    Call      ir al estado 69
    Expr      ir al estado 144
    Constant  ir al estado 72


State 111

   62 Expr: Expr '+' . Expr

    T_Null            desplazar e ir al estado 44
    T_This            desplazar e ir al estado 45
    T_New             desplazar e ir al estado 51
    T_NewArray        desplazar e ir al estado 52
    T_ReadInteger     desplazar e ir al estado 54
    T_ReadLine        desplazar e ir al estado 55
    T_Identifier      desplazar e ir al estado 86
    T_StringConstant  desplazar e ir al estado 57
    T_IntConstant     desplazar e ir al estado 58
    T_DoubleConstant  desplazar e ir al estado 59
    T_BoolConstant    desplazar e ir al estado 60
    '-'               desplazar e ir al estado 61
    '!'               desplazar e ir al estado 62
    '('               desplazar e ir al estado 63

    LValue    ir al estado 68
    Call      ir al estado 69
    Expr      ir al estado 145
    Constant  ir al estado 72


State 112

   63 Expr: Expr '-' . Expr

    T_Null            desplazar e ir al estado 44
    T_This            desplazar e ir al estado 45
    T_New             desplazar e ir al estado 51
    T_NewArray        desplazar e ir al estado 52
    T_ReadInteger     desplazar e ir al estado 54
    T_ReadLine        desplazar e ir al estado 55
    T_Identifier      desplazar e ir al estado 86
    T_StringConstant  desplazar e ir al estado 57
    T_IntConstant     desplazar e ir al estado 58
    T_DoubleConstant  desplazar e ir al estado 59
    T_BoolConstant    desplazar e ir al estado 60
    '-'               desplazar e ir al estado 61
    '!'               desplazar e ir al estado 62
    '('               desplazar e ir al estado 63

    LValue    ir al estado 68
    Call      ir al estado 69
    Expr      ir al estado 146
    Constant  ir al estado 72


State 113

   65 Expr: Expr '*' . Expr

    T_Null            desplazar e ir al estado 44
    T_This            desplazar e ir al estado 45
    T_New             desplazar e ir al estado 51
    T_NewArray        desplazar e ir al estado 52
    T_ReadInteger     desplazar e ir al estado 54
    T_ReadLine        desplazar e ir al estado 55
    T_Identifier      desplazar e ir al estado 86
    T_StringConstant  desplazar e ir al estado 57
    T_IntConstant     desplazar e ir al estado 58
    T_DoubleConstant  desplazar e ir al estado 59
    T_BoolConstant    desplazar e ir al estado 60
    '-'               desplazar e ir al estado 61
    '!'               desplazar e ir al estado 62
    '('               desplazar e ir al estado 63

    LValue    ir al estado 68
    Call      ir al estado 69
    Expr      ir al estado 147
    Constant  ir al estado 72


State 114

   64 Expr: Expr '/' . Expr

    T_Null            desplazar e ir al estado 44
    T_This            desplazar e ir al estado 45
    T_New             desplazar e ir al estado 51
    T_NewArray        desplazar e ir al estado 52
    T_ReadInteger     desplazar e ir al estado 54
    T_ReadLine        desplazar e ir al estado 55
    T_Identifier      desplazar e ir al estado 86
    T_StringConstant  desplazar e ir al estado 57
    T_IntConstant     desplazar e ir al estado 58
    T_DoubleConstant  desplazar e ir al estado 59
    T_BoolConstant    desplazar e ir al estado 60
    '-'               desplazar e ir al estado 61
    '!'               desplazar e ir al estado 62
    '('               desplazar e ir al estado 63

    LValue    ir al estado 68
    Call      ir al estado 69
    Expr      ir al estado 148
    Constant  ir al estado 72


State 115

   66 Expr: Expr '%' . Expr

    T_Null            desplazar e ir al estado 44
    T_This            desplazar e ir al estado 45
    T_New             desplazar e ir al estado 51
    T_NewArray        desplazar e ir al estado 52
    T_ReadInteger     desplazar e ir al estado 54
    T_ReadLine        desplazar e ir al estado 55
    T_Identifier      desplazar e ir al estado 86
    T_StringConstant  desplazar e ir al estado 57
    T_IntConstant     desplazar e ir al estado 58
    T_DoubleConstant  desplazar e ir al estado 59
    T_BoolConstant    desplazar e ir al estado 60
    '-'               desplazar e ir al estado 61
    '!'               desplazar e ir al estado 62
    '('               desplazar e ir al estado 63

    LValue    ir al estado 68
    Call      ir al estado 69
    Expr      ir al estado 149
    Constant  ir al estado 72


State 116

   52 LValue: Expr '.' . T_Identifier
   55 Call: Expr '.' . T_Identifier '(' Actuals ')'

    T_Identifier  desplazar e ir al estado 150


State 117

   53 LValue: Expr '[' . Expr ']'

    T_Null            desplazar e ir al estado 44
    T_This            desplazar e ir al estado 45
    T_New             desplazar e ir al estado 51
    T_NewArray        desplazar e ir al estado 52
    T_ReadInteger     desplazar e ir al estado 54
    T_ReadLine        desplazar e ir al estado 55
    T_Identifier      desplazar e ir al estado 86
    T_StringConstant  desplazar e ir al estado 57
    T_IntConstant     desplazar e ir al estado 58
    T_DoubleConstant  desplazar e ir al estado 59
    T_BoolConstant    desplazar e ir al estado 60
    '-'               desplazar e ir al estado 61
    '!'               desplazar e ir al estado 62
    '('               desplazar e ir al estado 63

    LValue    ir al estado 68
    Call      ir al estado 69
    Expr      ir al estado 151
    Constant  ir al estado 72


State 118

   34 FormalList: FormalList ',' Variable .

    $default  reduce usando la regla 34 (FormalList)


State 119

   24 ImpList: ImpList ',' . T_Identifier

    T_Identifier  desplazar e ir al estado 152


State 120

   19 ClassDecl: T_Class T_Identifier OptExt OptImpl '{' FieldList . '}'
   26 FieldList: FieldList . Field

    T_Void        desplazar e ir al estado 1
    T_Bool        desplazar e ir al estado 2
    T_Int         desplazar e ir al estado 3
    T_Double      desplazar e ir al estado 4
    T_String      desplazar e ir al estado 5
    T_Identifier  desplazar e ir al estado 8
    '}'           desplazar e ir al estado 153

    VarDecl   ir al estado 154
    Variable  ir al estado 13
    Type      ir al estado 14
    Field     ir al estado 155
    FnHeader  ir al estado 17
    FnDecl    ir al estado 156


State 121

   30 FnHeader: Type T_Identifier . '(' Formals ')'

    '('  desplazar e ir al estado 33


State 122

   17 IntfList: IntfList FnHeader ';' .

    $default  reduce usando la regla 17 (IntfList)


State 123

   45 Stmt: T_While '(' Expr . ')' Stmt
   52 LValue: Expr . '.' T_Identifier
   53       | Expr . '[' Expr ']'
   55 Call: Expr . '.' T_Identifier '(' Actuals ')'
   62 Expr: Expr . '+' Expr
   63     | Expr . '-' Expr
   64     | Expr . '/' Expr
   65     | Expr . '*' Expr
   66     | Expr . '%' Expr
   67     | Expr . T_Equal Expr
   68     | Expr . T_NotEqual Expr
   69     | Expr . '<' Expr
   70     | Expr . '>' Expr
   71     | Expr . T_LessEqual Expr
   72     | Expr . T_GreaterEqual Expr
   73     | Expr . T_And Expr
   74     | Expr . T_Or Expr

    T_LessEqual     desplazar e ir al estado 103
    T_GreaterEqual  desplazar e ir al estado 104
    T_Equal         desplazar e ir al estado 105
    T_NotEqual      desplazar e ir al estado 106
    T_And           desplazar e ir al estado 107
    T_Or            desplazar e ir al estado 108
    '<'             desplazar e ir al estado 109
    '>'             desplazar e ir al estado 110
    '+'             desplazar e ir al estado 111
    '-'             desplazar e ir al estado 112
    '*'             desplazar e ir al estado 113
    '/'             desplazar e ir al estado 114
    '%'             desplazar e ir al estado 115
    '.'             desplazar e ir al estado 116
    '['             desplazar e ir al estado 117
    ')'             desplazar e ir al estado 157


State 124

   46 Stmt: T_For '(' OptExpr . ';' Expr ';' OptExpr ')' Stmt

    ';'  desplazar e ir al estado 158


State 125

   44 Stmt: T_If '(' Expr . ')' Stmt OptElse
   52 LValue: Expr . '.' T_Identifier
   53       | Expr . '[' Expr ']'
   55 Call: Expr . '.' T_Identifier '(' Actuals ')'
   62 Expr: Expr . '+' Expr
   63     | Expr . '-' Expr
   64     | Expr . '/' Expr
   65     | Expr . '*' Expr
   66     | Expr . '%' Expr
   67     | Expr . T_Equal Expr
   68     | Expr . T_NotEqual Expr
   69     | Expr . '<' Expr
   70     | Expr . '>' Expr
   71     | Expr . T_LessEqual Expr
   72     | Expr . T_GreaterEqual Expr
   73     | Expr . T_And Expr
   74     | Expr . T_Or Expr

    T_LessEqual     desplazar e ir al estado 103
    T_GreaterEqual  desplazar e ir al estado 104
    T_Equal         desplazar e ir al estado 105
    T_NotEqual      desplazar e ir al estado 106
    T_And           desplazar e ir al estado 107
    T_Or            desplazar e ir al estado 108
    '<'             desplazar e ir al estado 109
    '>'             desplazar e ir al estado 110
    '+'             desplazar e ir al estado 111
    '-'             desplazar e ir al estado 112
    '*'             desplazar e ir al estado 113
    '/'             desplazar e ir al estado 114
    '%'             desplazar e ir al estado 115
    '.'             desplazar e ir al estado 116
    '['             desplazar e ir al estado 117
    ')'             desplazar e ir al estado 159


State 126

   47 Stmt: T_Return Expr ';' .

    $default  reduce usando la regla 47 (Stmt)


State 127

   80 Expr: T_New '(' T_Identifier . ')'

    ')'  desplazar e ir al estado 160


State 128

   52 LValue: Expr . '.' T_Identifier
   53       | Expr . '[' Expr ']'
   55 Call: Expr . '.' T_Identifier '(' Actuals ')'
   62 Expr: Expr . '+' Expr
   63     | Expr . '-' Expr
   64     | Expr . '/' Expr
   65     | Expr . '*' Expr
   66     | Expr . '%' Expr
   67     | Expr . T_Equal Expr
   68     | Expr . T_NotEqual Expr
   69     | Expr . '<' Expr
   70     | Expr . '>' Expr
   71     | Expr . T_LessEqual Expr
   72     | Expr . T_GreaterEqual Expr
   73     | Expr . T_And Expr
   74     | Expr . T_Or Expr
   81     | T_NewArray '(' Expr . ',' Type ')'

    T_LessEqual     desplazar e ir al estado 103
    T_GreaterEqual  desplazar e ir al estado 104
    T_Equal         desplazar e ir al estado 105
    T_NotEqual      desplazar e ir al estado 106
    T_And           desplazar e ir al estado 107
    T_Or            desplazar e ir al estado 108
    '<'             desplazar e ir al estado 109
    '>'             desplazar e ir al estado 110
    '+'             desplazar e ir al estado 111
    '-'             desplazar e ir al estado 112
    '*'             desplazar e ir al estado 113
    '/'             desplazar e ir al estado 114
    '%'             desplazar e ir al estado 115
    '.'             desplazar e ir al estado 116
    '['             desplazar e ir al estado 117
    ','             desplazar e ir al estado 161


State 129

   52 LValue: Expr . '.' T_Identifier
   53       | Expr . '[' Expr ']'
   55 Call: Expr . '.' T_Identifier '(' Actuals ')'
   62 Expr: Expr . '+' Expr
   63     | Expr . '-' Expr
   64     | Expr . '/' Expr
   65     | Expr . '*' Expr
   66     | Expr . '%' Expr
   67     | Expr . T_Equal Expr
   68     | Expr . T_NotEqual Expr
   69     | Expr . '<' Expr
   70     | Expr . '>' Expr
   71     | Expr . T_LessEqual Expr
   72     | Expr . T_GreaterEqual Expr
   73     | Expr . T_And Expr
   74     | Expr . T_Or Expr
   91 ExprList: Expr .

    T_LessEqual     desplazar e ir al estado 103
    T_GreaterEqual  desplazar e ir al estado 104
    T_Equal         desplazar e ir al estado 105
    T_NotEqual      desplazar e ir al estado 106
    T_And           desplazar e ir al estado 107
    T_Or            desplazar e ir al estado 108
    '<'             desplazar e ir al estado 109
    '>'             desplazar e ir al estado 110
    '+'             desplazar e ir al estado 111
    '-'             desplazar e ir al estado 112
    '*'             desplazar e ir al estado 113
    '/'             desplazar e ir al estado 114
    '%'             desplazar e ir al estado 115
    '.'             desplazar e ir al estado 116
    '['             desplazar e ir al estado 117

    $default  reduce usando la regla 91 (ExprList)


State 130

   49 Stmt: T_Print '(' ExprList . ')' ';'
   90 ExprList: ExprList . ',' Expr

    ','  desplazar e ir al estado 162
    ')'  desplazar e ir al estado 163


State 131

   78 Expr: T_ReadInteger '(' ')' .

    $default  reduce usando la regla 78 (Expr)


State 132

   79 Expr: T_ReadLine '(' ')' .

    $default  reduce usando la regla 79 (Expr)


State 133

   54 Call: T_Identifier '(' Actuals . ')'

    ')'  desplazar e ir al estado 164


State 134

   88 Actuals: ExprList .
   90 ExprList: ExprList . ',' Expr

    ','  desplazar e ir al estado 162

    $default  reduce usando la regla 88 (Actuals)


State 135

   75 Expr: '(' Expr ')' .

    $default  reduce usando la regla 75 (Expr)


State 136

   52 LValue: Expr . '.' T_Identifier
   53       | Expr . '[' Expr ']'
   55 Call: Expr . '.' T_Identifier '(' Actuals ')'
   61 Expr: LValue '=' Expr .
   62     | Expr . '+' Expr
   63     | Expr . '-' Expr
   64     | Expr . '/' Expr
   65     | Expr . '*' Expr
   66     | Expr . '%' Expr
   67     | Expr . T_Equal Expr
   68     | Expr . T_NotEqual Expr
   69     | Expr . '<' Expr
   70     | Expr . '>' Expr
   71     | Expr . T_LessEqual Expr
   72     | Expr . T_GreaterEqual Expr
   73     | Expr . T_And Expr
   74     | Expr . T_Or Expr

    T_LessEqual     desplazar e ir al estado 103
    T_GreaterEqual  desplazar e ir al estado 104
    T_Equal         desplazar e ir al estado 105
    T_NotEqual      desplazar e ir al estado 106
    T_And           desplazar e ir al estado 107
    T_Or            desplazar e ir al estado 108
    '<'             desplazar e ir al estado 109
    '>'             desplazar e ir al estado 110
    '+'             desplazar e ir al estado 111
    '-'             desplazar e ir al estado 112
    '*'             desplazar e ir al estado 113
    '/'             desplazar e ir al estado 114
    '%'             desplazar e ir al estado 115
    '.'             desplazar e ir al estado 116
    '['             desplazar e ir al estado 117

    $default  reduce usando la regla 61 (Expr)


State 137

   52 LValue: Expr . '.' T_Identifier
   53       | Expr . '[' Expr ']'
   55 Call: Expr . '.' T_Identifier '(' Actuals ')'
   62 Expr: Expr . '+' Expr
   63     | Expr . '-' Expr
   64     | Expr . '/' Expr
   65     | Expr . '*' Expr
   66     | Expr . '%' Expr
   67     | Expr . T_Equal Expr
   68     | Expr . T_NotEqual Expr
   69     | Expr . '<' Expr
   70     | Expr . '>' Expr
   71     | Expr . T_LessEqual Expr
   71     | Expr T_LessEqual Expr .
   72     | Expr . T_GreaterEqual Expr
   73     | Expr . T_And Expr
   74     | Expr . T_Or Expr

    '+'  desplazar e ir al estado 111
    '-'  desplazar e ir al estado 112
    '*'  desplazar e ir al estado 113
    '/'  desplazar e ir al estado 114
    '%'  desplazar e ir al estado 115
    '.'  desplazar e ir al estado 116
    '['  desplazar e ir al estado 117

    T_LessEqual     error (no asociativo)
    T_GreaterEqual  error (no asociativo)
    '<'             error (no asociativo)
    '>'             error (no asociativo)

    $default  reduce usando la regla 71 (Expr)


State 138

   52 LValue: Expr . '.' T_Identifier
   53       | Expr . '[' Expr ']'
   55 Call: Expr . '.' T_Identifier '(' Actuals ')'
   62 Expr: Expr . '+' Expr
   63     | Expr . '-' Expr
   64     | Expr . '/' Expr
   65     | Expr . '*' Expr
   66     | Expr . '%' Expr
   67     | Expr . T_Equal Expr
   68     | Expr . T_NotEqual Expr
   69     | Expr . '<' Expr
   70     | Expr . '>' Expr
   71     | Expr . T_LessEqual Expr
   72     | Expr . T_GreaterEqual Expr
   72     | Expr T_GreaterEqual Expr .
   73     | Expr . T_And Expr
   74     | Expr . T_Or Expr

    '+'  desplazar e ir al estado 111
    '-'  desplazar e ir al estado 112
    '*'  desplazar e ir al estado 113
    '/'  desplazar e ir al estado 114
    '%'  desplazar e ir al estado 115
    '.'  desplazar e ir al estado 116
    '['  desplazar e ir al estado 117

    T_LessEqual     error (no asociativo)
    T_GreaterEqual  error (no asociativo)
    '<'             error (no asociativo)
    '>'             error (no asociativo)

    $default  reduce usando la regla 72 (Expr)


State 139

   52 LValue: Expr . '.' T_Identifier
   53       | Expr . '[' Expr ']'
   55 Call: Expr . '.' T_Identifier '(' Actuals ')'
   62 Expr: Expr . '+' Expr
   63     | Expr . '-' Expr
   64     | Expr . '/' Expr
   65     | Expr . '*' Expr
   66     | Expr . '%' Expr
   67     | Expr . T_Equal Expr
   67     | Expr T_Equal Expr .
   68     | Expr . T_NotEqual Expr
   69     | Expr . '<' Expr
   70     | Expr . '>' Expr
   71     | Expr . T_LessEqual Expr
   72     | Expr . T_GreaterEqual Expr
   73     | Expr . T_And Expr
   74     | Expr . T_Or Expr

    T_LessEqual     desplazar e ir al estado 103
    T_GreaterEqual  desplazar e ir al estado 104
    '<'             desplazar e ir al estado 109
    '>'             desplazar e ir al estado 110
    '+'             desplazar e ir al estado 111
    '-'             desplazar e ir al estado 112
    '*'             desplazar e ir al estado 113
    '/'             desplazar e ir al estado 114
    '%'             desplazar e ir al estado 115
    '.'             desplazar e ir al estado 116
    '['             desplazar e ir al estado 117

    T_Equal     error (no asociativo)
    T_NotEqual  error (no asociativo)

    $default  reduce usando la regla 67 (Expr)


State 140

   52 LValue: Expr . '.' T_Identifier
   53       | Expr . '[' Expr ']'
   55 Call: Expr . '.' T_Identifier '(' Actuals ')'
   62 Expr: Expr . '+' Expr
   63     | Expr . '-' Expr
   64     | Expr . '/' Expr
   65     | Expr . '*' Expr
   66     | Expr . '%' Expr
   67     | Expr . T_Equal Expr
   68     | Expr . T_NotEqual Expr
   68     | Expr T_NotEqual Expr .
   69     | Expr . '<' Expr
   70     | Expr . '>' Expr
   71     | Expr . T_LessEqual Expr
   72     | Expr . T_GreaterEqual Expr
   73     | Expr . T_And Expr
   74     | Expr . T_Or Expr

    T_LessEqual     desplazar e ir al estado 103
    T_GreaterEqual  desplazar e ir al estado 104
    '<'             desplazar e ir al estado 109
    '>'             desplazar e ir al estado 110
    '+'             desplazar e ir al estado 111
    '-'             desplazar e ir al estado 112
    '*'             desplazar e ir al estado 113
    '/'             desplazar e ir al estado 114
    '%'             desplazar e ir al estado 115
    '.'             desplazar e ir al estado 116
    '['             desplazar e ir al estado 117

    T_Equal     error (no asociativo)
    T_NotEqual  error (no asociativo)

    $default  reduce usando la regla 68 (Expr)


State 141

   52 LValue: Expr . '.' T_Identifier
   53       | Expr . '[' Expr ']'
   55 Call: Expr . '.' T_Identifier '(' Actuals ')'
   62 Expr: Expr . '+' Expr
   63     | Expr . '-' Expr
   64     | Expr . '/' Expr
   65     | Expr . '*' Expr
   66     | Expr . '%' Expr
   67     | Expr . T_Equal Expr
   68     | Expr . T_NotEqual Expr
   69     | Expr . '<' Expr
   70     | Expr . '>' Expr
   71     | Expr . T_LessEqual Expr
   72     | Expr . T_GreaterEqual Expr
   73     | Expr . T_And Expr
   73     | Expr T_And Expr .
   74     | Expr . T_Or Expr

    T_LessEqual     desplazar e ir al estado 103
    T_GreaterEqual  desplazar e ir al estado 104
    T_Equal         desplazar e ir al estado 105
    T_NotEqual      desplazar e ir al estado 106
    '<'             desplazar e ir al estado 109
    '>'             desplazar e ir al estado 110
    '+'             desplazar e ir al estado 111
    '-'             desplazar e ir al estado 112
    '*'             desplazar e ir al estado 113
    '/'             desplazar e ir al estado 114
    '%'             desplazar e ir al estado 115
    '.'             desplazar e ir al estado 116
    '['             desplazar e ir al estado 117

    $default  reduce usando la regla 73 (Expr)


State 142

   52 LValue: Expr . '.' T_Identifier
   53       | Expr . '[' Expr ']'
   55 Call: Expr . '.' T_Identifier '(' Actuals ')'
   62 Expr: Expr . '+' Expr
   63     | Expr . '-' Expr
   64     | Expr . '/' Expr
   65     | Expr . '*' Expr
   66     | Expr . '%' Expr
   67     | Expr . T_Equal Expr
   68     | Expr . T_NotEqual Expr
   69     | Expr . '<' Expr
   70     | Expr . '>' Expr
   71     | Expr . T_LessEqual Expr
   72     | Expr . T_GreaterEqual Expr
   73     | Expr . T_And Expr
   74     | Expr . T_Or Expr
   74     | Expr T_Or Expr .

    T_LessEqual     desplazar e ir al estado 103
    T_GreaterEqual  desplazar e ir al estado 104
    T_Equal         desplazar e ir al estado 105
    T_NotEqual      desplazar e ir al estado 106
    T_And           desplazar e ir al estado 107
    '<'             desplazar e ir al estado 109
    '>'             desplazar e ir al estado 110
    '+'             desplazar e ir al estado 111
    '-'             desplazar e ir al estado 112
    '*'             desplazar e ir al estado 113
    '/'             desplazar e ir al estado 114
    '%'             desplazar e ir al estado 115
    '.'             desplazar e ir al estado 116
    '['             desplazar e ir al estado 117

    $default  reduce usando la regla 74 (Expr)


State 143

   52 LValue: Expr . '.' T_Identifier
   53       | Expr . '[' Expr ']'
   55 Call: Expr . '.' T_Identifier '(' Actuals ')'
   62 Expr: Expr . '+' Expr
   63     | Expr . '-' Expr
   64     | Expr . '/' Expr
   65     | Expr . '*' Expr
   66     | Expr . '%' Expr
   67     | Expr . T_Equal Expr
   68     | Expr . T_NotEqual Expr
   69     | Expr . '<' Expr
   69     | Expr '<' Expr .
   70     | Expr . '>' Expr
   71     | Expr . T_LessEqual Expr
   72     | Expr . T_GreaterEqual Expr
   73     | Expr . T_And Expr
   74     | Expr . T_Or Expr

    '+'  desplazar e ir al estado 111
    '-'  desplazar e ir al estado 112
    '*'  desplazar e ir al estado 113
    '/'  desplazar e ir al estado 114
    '%'  desplazar e ir al estado 115
    '.'  desplazar e ir al estado 116
    '['  desplazar e ir al estado 117

    T_LessEqual     error (no asociativo)
    T_GreaterEqual  error (no asociativo)
    '<'             error (no asociativo)
    '>'             error (no asociativo)

    $default  reduce usando la regla 69 (Expr)


State 144

   52 LValue: Expr . '.' T_Identifier
   53       | Expr . '[' Expr ']'
   55 Call: Expr . '.' T_Identifier '(' Actuals ')'
   62 Expr: Expr . '+' Expr
   63     | Expr . '-' Expr
   64     | Expr . '/' Expr
   65     | Expr . '*' Expr
   66     | Expr . '%' Expr
   67     | Expr . T_Equal Expr
   68     | Expr . T_NotEqual Expr
   69     | Expr . '<' Expr
   70     | Expr . '>' Expr
   70     | Expr '>' Expr .
   71     | Expr . T_LessEqual Expr
   72     | Expr . T_GreaterEqual Expr
   73     | Expr . T_And Expr
   74     | Expr . T_Or Expr

    '+'  desplazar e ir al estado 111
    '-'  desplazar e ir al estado 112
    '*'  desplazar e ir al estado 113
    '/'  desplazar e ir al estado 114
    '%'  desplazar e ir al estado 115
    '.'  desplazar e ir al estado 116
    '['  desplazar e ir al estado 117

    T_LessEqual     error (no asociativo)
    T_GreaterEqual  error (no asociativo)
    '<'             error (no asociativo)
    '>'             error (no asociativo)

    $default  reduce usando la regla 70 (Expr)


State 145

   52 LValue: Expr . '.' T_Identifier
   53       | Expr . '[' Expr ']'
   55 Call: Expr . '.' T_Identifier '(' Actuals ')'
   62 Expr: Expr . '+' Expr
   62     | Expr '+' Expr .
   63     | Expr . '-' Expr
   64     | Expr . '/' Expr
   65     | Expr . '*' Expr
   66     | Expr . '%' Expr
   67     | Expr . T_Equal Expr
   68     | Expr . T_NotEqual Expr
   69     | Expr . '<' Expr
   70     | Expr . '>' Expr
   71     | Expr . T_LessEqual Expr
   72     | Expr . T_GreaterEqual Expr
   73     | Expr . T_And Expr
   74     | Expr . T_Or Expr

    '*'  desplazar e ir al estado 113
    '/'  desplazar e ir al estado 114
    '%'  desplazar e ir al estado 115
    '.'  desplazar e ir al estado 116
    '['  desplazar e ir al estado 117

    $default  reduce usando la regla 62 (Expr)


State 146

   52 LValue: Expr . '.' T_Identifier
   53       | Expr . '[' Expr ']'
   55 Call: Expr . '.' T_Identifier '(' Actuals ')'
   62 Expr: Expr . '+' Expr
   63     | Expr . '-' Expr
   63     | Expr '-' Expr .
   64     | Expr . '/' Expr
   65     | Expr . '*' Expr
   66     | Expr . '%' Expr
   67     | Expr . T_Equal Expr
   68     | Expr . T_NotEqual Expr
   69     | Expr . '<' Expr
   70     | Expr . '>' Expr
   71     | Expr . T_LessEqual Expr
   72     | Expr . T_GreaterEqual Expr
   73     | Expr . T_And Expr
   74     | Expr . T_Or Expr

    '*'  desplazar e ir al estado 113
    '/'  desplazar e ir al estado 114
    '%'  desplazar e ir al estado 115
    '.'  desplazar e ir al estado 116
    '['  desplazar e ir al estado 117

    $default  reduce usando la regla 63 (Expr)


State 147

   52 LValue: Expr . '.' T_Identifier
   53       | Expr . '[' Expr ']'
   55 Call: Expr . '.' T_Identifier '(' Actuals ')'
   62 Expr: Expr . '+' Expr
   63     | Expr . '-' Expr
   64     | Expr . '/' Expr
   65     | Expr . '*' Expr
   65     | Expr '*' Expr .
   66     | Expr . '%' Expr
   67     | Expr . T_Equal Expr
   68     | Expr . T_NotEqual Expr
   69     | Expr . '<' Expr
   70     | Expr . '>' Expr
   71     | Expr . T_LessEqual Expr
   72     | Expr . T_GreaterEqual Expr
   73     | Expr . T_And Expr
   74     | Expr . T_Or Expr

    '.'  desplazar e ir al estado 116
    '['  desplazar e ir al estado 117

    $default  reduce usando la regla 65 (Expr)


State 148

   52 LValue: Expr . '.' T_Identifier
   53       | Expr . '[' Expr ']'
   55 Call: Expr . '.' T_Identifier '(' Actuals ')'
   62 Expr: Expr . '+' Expr
   63     | Expr . '-' Expr
   64     | Expr . '/' Expr
   64     | Expr '/' Expr .
   65     | Expr . '*' Expr
   66     | Expr . '%' Expr
   67     | Expr . T_Equal Expr
   68     | Expr . T_NotEqual Expr
   69     | Expr . '<' Expr
   70     | Expr . '>' Expr
   71     | Expr . T_LessEqual Expr
   72     | Expr . T_GreaterEqual Expr
   73     | Expr . T_And Expr
   74     | Expr . T_Or Expr

    '.'  desplazar e ir al estado 116
    '['  desplazar e ir al estado 117

    $default  reduce usando la regla 64 (Expr)


State 149

   52 LValue: Expr . '.' T_Identifier
   53       | Expr . '[' Expr ']'
   55 Call: Expr . '.' T_Identifier '(' Actuals ')'
   62 Expr: Expr . '+' Expr
   63     | Expr . '-' Expr
   64     | Expr . '/' Expr
   65     | Expr . '*' Expr
   66     | Expr . '%' Expr
   66     | Expr '%' Expr .
   67     | Expr . T_Equal Expr
   68     | Expr . T_NotEqual Expr
   69     | Expr . '<' Expr
   70     | Expr . '>' Expr
   71     | Expr . T_LessEqual Expr
   72     | Expr . T_GreaterEqual Expr
   73     | Expr . T_And Expr
   74     | Expr . T_Or Expr

    '.'  desplazar e ir al estado 116
    '['  desplazar e ir al estado 117

    $default  reduce usando la regla 66 (Expr)


State 150

   52 LValue: Expr '.' T_Identifier .
   55 Call: Expr '.' T_Identifier . '(' Actuals ')'

    '('  desplazar e ir al estado 165

    $default  reduce usando la regla 52 (LValue)


State 151

   52 LValue: Expr . '.' T_Identifier
   53       | Expr . '[' Expr ']'
   53       | Expr '[' Expr . ']'
   55 Call: Expr . '.' T_Identifier '(' Actuals ')'
   62 Expr: Expr . '+' Expr
   63     | Expr . '-' Expr
   64     | Expr . '/' Expr
   65     | Expr . '*' Expr
   66     | Expr . '%' Expr
   67     | Expr . T_Equal Expr
   68     | Expr . T_NotEqual Expr
   69     | Expr . '<' Expr
   70     | Expr . '>' Expr
   71     | Expr . T_LessEqual Expr
   72     | Expr . T_GreaterEqual Expr
   73     | Expr . T_And Expr
   74     | Expr . T_Or Expr

    T_LessEqual     desplazar e ir al estado 103
    T_GreaterEqual  desplazar e ir al estado 104
    T_Equal         desplazar e ir al estado 105
    T_NotEqual      desplazar e ir al estado 106
    T_And           desplazar e ir al estado 107
    T_Or            desplazar e ir al estado 108
    '<'             desplazar e ir al estado 109
    '>'             desplazar e ir al estado 110
    '+'             desplazar e ir al estado 111
    '-'             desplazar e ir al estado 112
    '*'             desplazar e ir al estado 113
    '/'             desplazar e ir al estado 114
    '%'             desplazar e ir al estado 115
    '.'             desplazar e ir al estado 116
    '['             desplazar e ir al estado 117
    ']'             desplazar e ir al estado 166


State 152

   24 ImpList: ImpList ',' T_Identifier .

    $default  reduce usando la regla 24 (ImpList)


State 153

   19 ClassDecl: T_Class T_Identifier OptExt OptImpl '{' FieldList '}' .

    $default  reduce usando la regla 19 (ClassDecl)


State 154

   28 Field: VarDecl .

    $default  reduce usando la regla 28 (Field)


State 155

   26 FieldList: FieldList Field .

    $default  reduce usando la regla 26 (FieldList)


State 156

   29 Field: FnDecl .

    $default  reduce usando la regla 29 (Field)


State 157

   45 Stmt: T_While '(' Expr ')' . Stmt

    T_Null            desplazar e ir al estado 44
    T_This            desplazar e ir al estado 45
    T_While           desplazar e ir al estado 46
    T_For             desplazar e ir al estado 47
    T_If              desplazar e ir al estado 48
    T_Return          desplazar e ir al estado 49
    T_Break           desplazar e ir al estado 50
    T_New             desplazar e ir al estado 51
    T_NewArray        desplazar e ir al estado 52
    T_Print           desplazar e ir al estado 53
    T_ReadInteger     desplazar e ir al estado 54
    T_ReadLine        desplazar e ir al estado 55
    T_Identifier      desplazar e ir al estado 86
    T_StringConstant  desplazar e ir al estado 57
    T_IntConstant     desplazar e ir al estado 58
    T_DoubleConstant  desplazar e ir al estado 59
    T_BoolConstant    desplazar e ir al estado 60
    '-'               desplazar e ir al estado 61
    '!'               desplazar e ir al estado 62
    '{'               desplazar e ir al estado 27
    '('               desplazar e ir al estado 63

    $default  reduce usando la regla 57 (OptExpr)

    StmtBlock  ir al estado 65
    Stmt       ir al estado 167
    LValue     ir al estado 68
    Call       ir al estado 69
    OptExpr    ir al estado 70
    Expr       ir al estado 71
    Constant   ir al estado 72


State 158

   46 Stmt: T_For '(' OptExpr ';' . Expr ';' OptExpr ')' Stmt

    T_Null            desplazar e ir al estado 44
    T_This            desplazar e ir al estado 45
    T_New             desplazar e ir al estado 51
    T_NewArray        desplazar e ir al estado 52
    T_ReadInteger     desplazar e ir al estado 54
    T_ReadLine        desplazar e ir al estado 55
    T_Identifier      desplazar e ir al estado 86
    T_StringConstant  desplazar e ir al estado 57
    T_IntConstant     desplazar e ir al estado 58
    T_DoubleConstant  desplazar e ir al estado 59
    T_BoolConstant    desplazar e ir al estado 60
    '-'               desplazar e ir al estado 61
    '!'               desplazar e ir al estado 62
    '('               desplazar e ir al estado 63

    LValue    ir al estado 68
    Call      ir al estado 69
    Expr      ir al estado 168
    Constant  ir al estado 72


State 159

   44 Stmt: T_If '(' Expr ')' . Stmt OptElse

    T_Null            desplazar e ir al estado 44
    T_This            desplazar e ir al estado 45
    T_While           desplazar e ir al estado 46
    T_For             desplazar e ir al estado 47
    T_If              desplazar e ir al estado 48
    T_Return          desplazar e ir al estado 49
    T_Break           desplazar e ir al estado 50
    T_New             desplazar e ir al estado 51
    T_NewArray        desplazar e ir al estado 52
    T_Print           desplazar e ir al estado 53
    T_ReadInteger     desplazar e ir al estado 54
    T_ReadLine        desplazar e ir al estado 55
    T_Identifier      desplazar e ir al estado 86
    T_StringConstant  desplazar e ir al estado 57
    T_IntConstant     desplazar e ir al estado 58
    T_DoubleConstant  desplazar e ir al estado 59
    T_BoolConstant    desplazar e ir al estado 60
    '-'               desplazar e ir al estado 61
    '!'               desplazar e ir al estado 62
    '{'               desplazar e ir al estado 27
    '('               desplazar e ir al estado 63

    $default  reduce usando la regla 57 (OptExpr)

    StmtBlock  ir al estado 65
    Stmt       ir al estado 169
    LValue     ir al estado 68
    Call       ir al estado 69
    OptExpr    ir al estado 70
    Expr       ir al estado 71
    Constant   ir al estado 72


State 160

   80 Expr: T_New '(' T_Identifier ')' .

    $default  reduce usando la regla 80 (Expr)


State 161

   81 Expr: T_NewArray '(' Expr ',' . Type ')'

    T_Bool        desplazar e ir al estado 2
    T_Int         desplazar e ir al estado 3
    T_Double      desplazar e ir al estado 4
    T_String      desplazar e ir al estado 5
    T_Identifier  desplazar e ir al estado 8

    Type  ir al estado 170


State 162

   90 ExprList: ExprList ',' . Expr

    T_Null            desplazar e ir al estado 44
    T_This            desplazar e ir al estado 45
    T_New             desplazar e ir al estado 51
    T_NewArray        desplazar e ir al estado 52
    T_ReadInteger     desplazar e ir al estado 54
    T_ReadLine        desplazar e ir al estado 55
    T_Identifier      desplazar e ir al estado 86
    T_StringConstant  desplazar e ir al estado 57
    T_IntConstant     desplazar e ir al estado 58
    T_DoubleConstant  desplazar e ir al estado 59
    T_BoolConstant    desplazar e ir al estado 60
    '-'               desplazar e ir al estado 61
    '!'               desplazar e ir al estado 62
    '('               desplazar e ir al estado 63

    LValue    ir al estado 68
    Call      ir al estado 69
    Expr      ir al estado 171
    Constant  ir al estado 72


State 163

   49 Stmt: T_Print '(' ExprList ')' . ';'

    ';'  desplazar e ir al estado 172


State 164

   54 Call: T_Identifier '(' Actuals ')' .

    $default  reduce usando la regla 54 (Call)


State 165

   55 Call: Expr '.' T_Identifier '(' . Actuals ')'

    T_Null            desplazar e ir al estado 44
    T_This            desplazar e ir al estado 45
    T_New             desplazar e ir al estado 51
    T_NewArray        desplazar e ir al estado 52
    T_ReadInteger     desplazar e ir al estado 54
    T_ReadLine        desplazar e ir al estado 55
    T_Identifier      desplazar e ir al estado 86
    T_StringConstant  desplazar e ir al estado 57
    T_IntConstant     desplazar e ir al estado 58
    T_DoubleConstant  desplazar e ir al estado 59
    T_BoolConstant    desplazar e ir al estado 60
    '-'               desplazar e ir al estado 61
    '!'               desplazar e ir al estado 62
    '('               desplazar e ir al estado 63

    $default  reduce usando la regla 89 (Actuals)

    LValue    ir al estado 68
    Call      ir al estado 69
    Expr      ir al estado 129
    Constant  ir al estado 72
    Actuals   ir al estado 173
    ExprList  ir al estado 134


State 166

   53 LValue: Expr '[' Expr ']' .

    $default  reduce usando la regla 53 (LValue)


State 167

   45 Stmt: T_While '(' Expr ')' Stmt .

    $default  reduce usando la regla 45 (Stmt)


State 168

   46 Stmt: T_For '(' OptExpr ';' Expr . ';' OptExpr ')' Stmt
   52 LValue: Expr . '.' T_Identifier
   53       | Expr . '[' Expr ']'
   55 Call: Expr . '.' T_Identifier '(' Actuals ')'
   62 Expr: Expr . '+' Expr
   63     | Expr . '-' Expr
   64     | Expr . '/' Expr
   65     | Expr . '*' Expr
   66     | Expr . '%' Expr
   67     | Expr . T_Equal Expr
   68     | Expr . T_NotEqual Expr
   69     | Expr . '<' Expr
   70     | Expr . '>' Expr
   71     | Expr . T_LessEqual Expr
   72     | Expr . T_GreaterEqual Expr
   73     | Expr . T_And Expr
   74     | Expr . T_Or Expr

    T_LessEqual     desplazar e ir al estado 103
    T_GreaterEqual  desplazar e ir al estado 104
    T_Equal         desplazar e ir al estado 105
    T_NotEqual      desplazar e ir al estado 106
    T_And           desplazar e ir al estado 107
    T_Or            desplazar e ir al estado 108
    '<'             desplazar e ir al estado 109
    '>'             desplazar e ir al estado 110
    '+'             desplazar e ir al estado 111
    '-'             desplazar e ir al estado 112
    '*'             desplazar e ir al estado 113
    '/'             desplazar e ir al estado 114
    '%'             desplazar e ir al estado 115
    '.'             desplazar e ir al estado 116
    '['             desplazar e ir al estado 117
    ';'             desplazar e ir al estado 174


State 169

   44 Stmt: T_If '(' Expr ')' Stmt . OptElse

    T_Else  desplazar e ir al estado 175

    $default  reduce usando la regla 93 (OptElse)

    OptElse  ir al estado 176


State 170

   15 Type: Type . T_Dims
   81 Expr: T_NewArray '(' Expr ',' Type . ')'

    T_Dims  desplazar e ir al estado 25
    ')'     desplazar e ir al estado 177


State 171

   52 LValue: Expr . '.' T_Identifier
   53       | Expr . '[' Expr ']'
   55 Call: Expr . '.' T_Identifier '(' Actuals ')'
   62 Expr: Expr . '+' Expr
   63     | Expr . '-' Expr
   64     | Expr . '/' Expr
   65     | Expr . '*' Expr
   66     | Expr . '%' Expr
   67     | Expr . T_Equal Expr
   68     | Expr . T_NotEqual Expr
   69     | Expr . '<' Expr
   70     | Expr . '>' Expr
   71     | Expr . T_LessEqual Expr
   72     | Expr . T_GreaterEqual Expr
   73     | Expr . T_And Expr
   74     | Expr . T_Or Expr
   90 ExprList: ExprList ',' Expr .

    T_LessEqual     desplazar e ir al estado 103
    T_GreaterEqual  desplazar e ir al estado 104
    T_Equal         desplazar e ir al estado 105
    T_NotEqual      desplazar e ir al estado 106
    T_And           desplazar e ir al estado 107
    T_Or            desplazar e ir al estado 108
    '<'             desplazar e ir al estado 109
    '>'             desplazar e ir al estado 110
    '+'             desplazar e ir al estado 111
    '-'             desplazar e ir al estado 112
    '*'             desplazar e ir al estado 113
    '/'             desplazar e ir al estado 114
    '%'             desplazar e ir al estado 115
    '.'             desplazar e ir al estado 116
    '['             desplazar e ir al estado 117

    $default  reduce usando la regla 90 (ExprList)


State 172

   49 Stmt: T_Print '(' ExprList ')' ';' .

    $default  reduce usando la regla 49 (Stmt)


State 173

   55 Call: Expr '.' T_Identifier '(' Actuals . ')'

    ')'  desplazar e ir al estado 178


State 174

   46 Stmt: T_For '(' OptExpr ';' Expr ';' . OptExpr ')' Stmt

    T_Null            desplazar e ir al estado 44
    T_This            desplazar e ir al estado 45
    T_New             desplazar e ir al estado 51
    T_NewArray        desplazar e ir al estado 52
    T_ReadInteger     desplazar e ir al estado 54
    T_ReadLine        desplazar e ir al estado 55
    T_Identifier      desplazar e ir al estado 86
    T_StringConstant  desplazar e ir al estado 57
    T_IntConstant     desplazar e ir al estado 58
    T_DoubleConstant  desplazar e ir al estado 59
    T_BoolConstant    desplazar e ir al estado 60
    '-'               desplazar e ir al estado 61
    '!'               desplazar e ir al estado 62
    '('               desplazar e ir al estado 63

    $default  reduce usando la regla 57 (OptExpr)

    LValue    ir al estado 68
    Call      ir al estado 69
    OptExpr   ir al estado 179
    Expr      ir al estado 71
    Constant  ir al estado 72


State 175

   92 OptElse: T_Else . Stmt

    T_Null            desplazar e ir al estado 44
    T_This            desplazar e ir al estado 45
    T_While           desplazar e ir al estado 46
    T_For             desplazar e ir al estado 47
    T_If              desplazar e ir al estado 48
    T_Return          desplazar e ir al estado 49
    T_Break           desplazar e ir al estado 50
    T_New             desplazar e ir al estado 51
    T_NewArray        desplazar e ir al estado 52
    T_Print           desplazar e ir al estado 53
    T_ReadInteger     desplazar e ir al estado 54
    T_ReadLine        desplazar e ir al estado 55
    T_Identifier      desplazar e ir al estado 86
    T_StringConstant  desplazar e ir al estado 57
    T_IntConstant     desplazar e ir al estado 58
    T_DoubleConstant  desplazar e ir al estado 59
    T_BoolConstant    desplazar e ir al estado 60
    '-'               desplazar e ir al estado 61
    '!'               desplazar e ir al estado 62
    '{'               desplazar e ir al estado 27
    '('               desplazar e ir al estado 63

    $default  reduce usando la regla 57 (OptExpr)

    StmtBlock  ir al estado 65
    Stmt       ir al estado 180
    LValue     ir al estado 68
    Call       ir al estado 69
    OptExpr    ir al estado 70
    Expr       ir al estado 71
    Constant   ir al estado 72


State 176

   44 Stmt: T_If '(' Expr ')' Stmt OptElse .

    $default  reduce usando la regla 44 (Stmt)


State 177

   81 Expr: T_NewArray '(' Expr ',' Type ')' .

    $default  reduce usando la regla 81 (Expr)


State 178

   55 Call: Expr '.' T_Identifier '(' Actuals ')' .

    $default  reduce usando la regla 55 (Call)


State 179

   46 Stmt: T_For '(' OptExpr ';' Expr ';' OptExpr . ')' Stmt

    ')'  desplazar e ir al estado 181


State 180

   92 OptElse: T_Else Stmt .

    $default  reduce usando la regla 92 (OptElse)


State 181

   46 Stmt: T_For '(' OptExpr ';' Expr ';' OptExpr ')' . Stmt

    T_Null            desplazar e ir al estado 44
    T_This            desplazar e ir al estado 45
    T_While           desplazar e ir al estado 46
    T_For             desplazar e ir al estado 47
    T_If              desplazar e ir al estado 48
    T_Return          desplazar e ir al estado 49
    T_Break           desplazar e ir al estado 50
    T_New             desplazar e ir al estado 51
    T_NewArray        desplazar e ir al estado 52
    T_Print           desplazar e ir al estado 53
    T_ReadInteger     desplazar e ir al estado 54
    T_ReadLine        desplazar e ir al estado 55
    T_Identifier      desplazar e ir al estado 86
    T_StringConstant  desplazar e ir al estado 57
    T_IntConstant     desplazar e ir al estado 58
    T_DoubleConstant  desplazar e ir al estado 59
    T_BoolConstant    desplazar e ir al estado 60
    '-'               desplazar e ir al estado 61
    '!'               desplazar e ir al estado 62
    '{'               desplazar e ir al estado 27
    '('               desplazar e ir al estado 63

    $default  reduce usando la regla 57 (OptExpr)

    StmtBlock  ir al estado 65
    Stmt       ir al estado 182
    LValue     ir al estado 68
    Call       ir al estado 69
    OptExpr    ir al estado 70
    Expr       ir al estado 71
    Constant   ir al estado 72


State 182

   46 Stmt: T_For '(' OptExpr ';' Expr ';' OptExpr ')' Stmt .

    $default  reduce usando la regla 46 (Stmt)
